<?xml version="1.0" encoding="utf-8"?>
<TestRun id="910acd81-33b6-4579-a1c4-0151d0e3cd68" name="Steven@DESKTOP-I7SMFT8 2025-04-15 16:03:27" runUser="DESKTOP-I7SMFT8\Steven" xmlns="http://microsoft.com/schemas/VisualStudio/TeamTest/2010">
  <Times creation="2025-04-15T16:03:27.4500110-06:00" queuing="2025-04-15T16:03:27.4500114-06:00" start="2025-04-15T16:03:25.9837248-06:00" finish="2025-04-15T16:03:27.4507917-06:00" />
  <TestSettings name="default" id="2d44315c-d504-4aa6-8804-5a5252f50866">
    <Deployment runDeploymentRoot="Steven_DESKTOP-I7SMFT8_2025-04-15_16_03_27" />
  </TestSettings>
  <TestLists>
    <TestList name="Resultados sin formato de lista" id="8c84fa94-04c1-424b-9868-57a2d4851a1d" />
    <TestList name="Todos los resultados cargados" id="19431567-8539-422a-85d7-44ee4e166bda" />
  </TestLists>
  <ResultSummary outcome="Completed">
    <Counters total="0" executed="0" passed="0" failed="0" error="0" timeout="0" aborted="0" inconclusive="0" passedButRunAborted="0" notRunnable="0" notExecuted="0" disconnected="0" warning="0" completed="0" inProgress="0" pending="0" />
    <RunInfos>
      <RunInfo computerName="DESKTOP-I7SMFT8" outcome="Warning" timestamp="2025-04-15T16:03:27.2908691-06:00">
        <Text>No hay ninguna prueba disponible en C:\Users\Steven\Downloads\Proyecto Calidad\proyecto\appticketstest.Tests\bin\Debug\net9.0\appticketstest.Tests.dll. Asegúrese de que los detectores y ejecutores de pruebas están registrados y de que la configuración de versión de la plataforma y de Framework es correcta y vuelva a intentarlo.</Text>
      </RunInfo>
    </RunInfos>
  </ResultSummary>
</TestRun>